# JRE version: Java(TM) SE Runtime Environment (8.0_261-b12) (build 1.8.0_261-b12)
# Java VM: Java HotSpot(TM) Client VM (25.261-b12 mixed mode windows-x86 )
Heap:
 def new generation   total 78656K, used 59847K [0x04e00000, 0x0a350000, 0x0a350000)
  eden space 69952K,  73% used [0x04e00000, 0x07ff1dd8, 0x09250000)
  from space 8704K, 100% used [0x09ad0000, 0x0a350000, 0x0a350000)
  to   space 8704K,   0% used [0x09250000, 0x09250000, 0x09ad0000)
 tenured generation   total 174784K, used 116661K [0x0a350000, 0x14e00000, 0x14e00000)
   the space 174784K,  66% used [0x0a350000, 0x1153d620, 0x1153d800, 0x14e00000)
 Metaspace       used 26780K, capacity 27859K, committed 27904K, reserved 28032K
GC Heap History (10 events):
Event: 15.226 GC heap before
{Heap before GC invocations=113 (full 7):
 def new generation   total 57024K, used 35742K [0x04e00000, 0x08be0000, 0x0a350000)
  eden space 50688K,  70% used [0x04e00000, 0x070e2e60, 0x07f80000)
  from space 6336K,   0% used [0x07f80000, 0x07f849c8, 0x085b0000)
  to   space 6336K,   0% used [0x085b0000, 0x085b0000, 0x08be0000)
 tenured generation   total 126592K, used 125117K [0x0a350000, 0x11ef0000, 0x14e00000)
   the space 126592K,  98% used [0x0a350000, 0x11d7f660, 0x11d7f800, 0x11ef0000)
 Metaspace       used 26417K, capacity 27490K, committed 27520K, reserved 28032K
Event: 15.385 GC heap after
Heap after GC invocations=114 (full 8):
 def new generation   total 77120K, used 0K [0x04e00000, 0x0a1a0000, 0x0a350000)
  eden space 68608K,   0% used [0x04e00000, 0x04e00000, 0x09100000)
  from space 8512K,   0% used [0x09100000, 0x09100000, 0x09950000)
  to   space 8512K,   0% used [0x09950000, 0x09950000, 0x0a1a0000)
 tenured generation   total 171212K, used 102727K [0x0a350000, 0x14a83000, 0x14e00000)
   the space 171212K,  59% used [0x0a350000, 0x107a1c20, 0x107a1e00, 0x14a83000)
 Metaspace       used 26417K, capacity 27490K, committed 27520K, reserved 28032K
}
Event: 15.522 GC heap before
{Heap before GC invocations=114 (full 8):
 def new generation   total 77120K, used 68608K [0x04e00000, 0x0a1a0000, 0x0a350000)
  eden space 68608K, 100% used [0x04e00000, 0x09100000, 0x09100000)
  from space 8512K,   0% used [0x09100000, 0x09100010, 0x09950000)
  to   space 8512K,   0% used [0x09950000, 0x09950000, 0x0a1a0000)
 tenured generation   total 171212K, used 102727K [0x0a350000, 0x14a83000, 0x14e00000)
   the space 171212K,  59% used [0x0a350000, 0x107a1c20, 0x107a1e00, 0x14a83000)
 Metaspace       used 26449K, capacity 27522K, committed 27648K, reserved 28032K
Event: 15.565 GC heap after
Heap after GC invocations=115 (full 8):
 def new generation   total 77120K, used 8512K [0x04e00000, 0x0a1a0000, 0x0a350000)
  eden space 68608K,   0% used [0x04e00000, 0x04e00000, 0x09100000)
  from space 8512K, 100% used [0x09950000, 0x0a1a0000, 0x0a1a0000)
  to   space 8512K,   0% used [0x09100000, 0x09100000, 0x09950000)
 tenured generation   total 171212K, used 129688K [0x0a350000, 0x14a83000, 0x14e00000)
   the space 171212K,  75% used [0x0a350000, 0x121f6188, 0x121f6200, 0x14a83000)
 Metaspace       used 26449K, capacity 27522K, committed 27648K, reserved 28032K
}
Event: 15.836 GC heap before
{Heap before GC invocations=115 (full 8):
 def new generation   total 77120K, used 77120K [0x04e00000, 0x0a1a0000, 0x0a350000)
  eden space 68608K, 100% used [0x04e00000, 0x09100000, 0x09100000)
  from space 8512K, 100% used [0x09950000, 0x0a1a0000, 0x0a1a0000)
  to   space 8512K,   0% used [0x09100000, 0x09100000, 0x09950000)
 tenured generation   total 171212K, used 129688K [0x0a350000, 0x14a83000, 0x14e00000)
   the space 171212K,  75% used [0x0a350000, 0x121f6188, 0x121f6200, 0x14a83000)
 Metaspace       used 26517K, capacity 27569K, committed 27648K, reserved 28032K
Event: 15.894 GC heap after
Heap after GC invocations=116 (full 8):
 def new generation   total 77120K, used 8512K [0x04e00000, 0x0a1a0000, 0x0a350000)
  eden space 68608K,   0% used [0x04e00000, 0x04e00000, 0x09100000)
  from space 8512K, 100% used [0x09100000, 0x09950000, 0x09950000)
  to   space 8512K,   0% used [0x09950000, 0x09950000, 0x0a1a0000)
 tenured generation   total 171212K, used 149385K [0x0a350000, 0x14a83000, 0x14e00000)
   the space 171212K,  87% used [0x0a350000, 0x135326a8, 0x13532800, 0x14a83000)
 Metaspace       used 26517K, capacity 27569K, committed 27648K, reserved 28032K
}
Event: 16.129 GC heap before
{Heap before GC invocations=116 (full 8):
 def new generation   total 77120K, used 77120K [0x04e00000, 0x0a1a0000, 0x0a350000)
  eden space 68608K, 100% used [0x04e00000, 0x09100000, 0x09100000)
  from space 8512K, 100% used [0x09100000, 0x09950000, 0x09950000)
  to   space 8512K,   0% used [0x09950000, 0x09950000, 0x0a1a0000)
 tenured generation   total 171212K, used 149385K [0x0a350000, 0x14a83000, 0x14e00000)
   the space 171212K,  87% used [0x0a350000, 0x135326a8, 0x13532800, 0x14a83000)
 Metaspace       used 26608K, capacity 27635K, committed 27776K, reserved 28032K
Event: 16.331 GC heap after
Heap after GC invocations=117 (full 9):
 def new generation   total 78656K, used 0K [0x04e00000, 0x0a350000, 0x0a350000)
  eden space 69952K,   0% used [0x04e00000, 0x04e00000, 0x09250000)
  from space 8704K,   0% used [0x09250000, 0x09250000, 0x09ad0000)
  to   space 8704K,   0% used [0x09ad0000, 0x09ad0000, 0x0a350000)
 tenured generation   total 174784K, used 113308K [0x0a350000, 0x14e00000, 0x14e00000)
   the space 174784K,  64% used [0x0a350000, 0x111f7340, 0x111f7400, 0x14e00000)
 Metaspace       used 26608K, capacity 27635K, committed 27776K, reserved 28032K
}
Event: 16.464 GC heap before
{Heap before GC invocations=117 (full 9):
 def new generation   total 78656K, used 69952K [0x04e00000, 0x0a350000, 0x0a350000)
  eden space 69952K, 100% used [0x04e00000, 0x09250000, 0x09250000)
  from space 8704K,   0% used [0x09250000, 0x09250000, 0x09ad0000)
  to   space 8704K,   0% used [0x09ad0000, 0x09ad0000, 0x0a350000)
 tenured generation   total 174784K, used 113308K [0x0a350000, 0x14e00000, 0x14e00000)
   the space 174784K,  64% used [0x0a350000, 0x111f7340, 0x111f7400, 0x14e00000)
 Metaspace       used 26608K, capacity 27635K, committed 27776K, reserved 28032K
Event: 16.480 GC heap after
Heap after GC invocations=118 (full 9):
 def new generation   total 78656K, used 8704K [0x04e00000, 0x0a350000, 0x0a350000)
  eden space 69952K,   0% used [0x04e00000, 0x04e00000, 0x09250000)
  from space 8704K, 100% used [0x09ad0000, 0x0a350000, 0x0a350000)
  to   space 8704K,   0% used [0x09250000, 0x09250000, 0x09ad0000)
 tenured generation   total 174784K, used 116661K [0x0a350000, 0x14e00000, 0x14e00000)
   the space 174784K,  66% used [0x0a350000, 0x1153d620, 0x1153d800, 0x14e00000)
 Metaspace       used 26608K, capacity 27635K, committed 27776K, reserved 28032K
}

