# JRE version: Java(TM) SE Runtime Environment (8.0_261-b12) (build 1.8.0_261-b12)
# Java VM: Java HotSpot(TM) Client VM (25.261-b12 mixed mode, sharing windows-x86 )
Heap:
 def new generation   total 78656K, used 17871K [0x04400000, 0x09950000, 0x09950000)
  eden space 69952K,  13% used [0x04400000, 0x04cf3fb0, 0x08850000)
  from space 8704K, 100% used [0x08850000, 0x090d0000, 0x090d0000)
  to   space 8704K,   0% used [0x090d0000, 0x090d0000, 0x09950000)
 tenured generation   total 174784K, used 123217K [0x09950000, 0x14400000, 0x14400000)
   the space 174784K,  70% used [0x09950000, 0x111a4788, 0x111a4800, 0x14400000)
 Metaspace       used 18057K, capacity 19075K, committed 19200K, reserved 19840K
GC Heap History (10 events):
Event: 24.294 GC heap before
{Heap before GC invocations=115 (full 7):
 def new generation   total 78016K, used 69376K [0x04400000, 0x098a0000, 0x09950000)
  eden space 69376K, 100% used [0x04400000, 0x087c0000, 0x087c0000)
  from space 8640K,   0% used [0x087c0000, 0x087c0000, 0x09030000)
  to   space 8640K,   0% used [0x09030000, 0x09030000, 0x098a0000)
 tenured generation   total 173280K, used 103965K [0x09950000, 0x14288000, 0x14400000)
   the space 173280K,  59% used [0x09950000, 0x0fed7718, 0x0fed7800, 0x14288000)
 Metaspace       used 17743K, capacity 18769K, committed 18816K, reserved 18816K
Event: 24.323 GC heap after
Heap after GC invocations=116 (full 7):
 def new generation   total 78016K, used 6230K [0x04400000, 0x098a0000, 0x09950000)
  eden space 69376K,   0% used [0x04400000, 0x04400000, 0x087c0000)
  from space 8640K,  72% used [0x09030000, 0x09645938, 0x098a0000)
  to   space 8640K,   0% used [0x087c0000, 0x087c0000, 0x09030000)
 tenured generation   total 173280K, used 138664K [0x09950000, 0x14288000, 0x14400000)
   the space 173280K,  80% used [0x09950000, 0x120ba1b8, 0x120ba200, 0x14288000)
 Metaspace       used 17743K, capacity 18769K, committed 18816K, reserved 18816K
}
Event: 24.442 GC heap before
{Heap before GC invocations=116 (full 7):
 def new generation   total 78016K, used 75606K [0x04400000, 0x098a0000, 0x09950000)
  eden space 69376K, 100% used [0x04400000, 0x087c0000, 0x087c0000)
  from space 8640K,  72% used [0x09030000, 0x09645938, 0x098a0000)
  to   space 8640K,   0% used [0x087c0000, 0x087c0000, 0x09030000)
 tenured generation   total 173280K, used 138664K [0x09950000, 0x14288000, 0x14400000)
   the space 173280K,  80% used [0x09950000, 0x120ba1b8, 0x120ba200, 0x14288000)
 Metaspace       used 17743K, capacity 18769K, committed 18816K, reserved 18816K
Event: 24.508 GC heap after
Heap after GC invocations=117 (full 7):
 def new generation   total 78016K, used 8639K [0x04400000, 0x098a0000, 0x09950000)
  eden space 69376K,   0% used [0x04400000, 0x04400000, 0x087c0000)
  from space 8640K,  99% used [0x087c0000, 0x0902fff8, 0x09030000)
  to   space 8640K,   0% used [0x09030000, 0x09030000, 0x098a0000)
 tenured generation   total 173280K, used 161989K [0x09950000, 0x14288000, 0x14400000)
   the space 173280K,  93% used [0x09950000, 0x137815a8, 0x13781600, 0x14288000)
 Metaspace       used 17743K, capacity 18769K, committed 18816K, reserved 18816K
}
Event: 24.923 GC heap before
{Heap before GC invocations=117 (full 7):
 def new generation   total 78016K, used 78015K [0x04400000, 0x098a0000, 0x09950000)
  eden space 69376K, 100% used [0x04400000, 0x087c0000, 0x087c0000)
  from space 8640K,  99% used [0x087c0000, 0x0902fff8, 0x09030000)
  to   space 8640K,   0% used [0x09030000, 0x09030000, 0x098a0000)
 tenured generation   total 173280K, used 161989K [0x09950000, 0x14288000, 0x14400000)
   the space 173280K,  93% used [0x09950000, 0x137815a8, 0x13781600, 0x14288000)
 Metaspace       used 17875K, capacity 18883K, committed 18944K, reserved 19840K
Event: 25.158 GC heap after
Heap after GC invocations=118 (full 8):
 def new generation   total 78656K, used 0K [0x04400000, 0x09950000, 0x09950000)
  eden space 69952K,   0% used [0x04400000, 0x04400000, 0x08850000)
  from space 8704K,   0% used [0x08850000, 0x08850000, 0x090d0000)
  to   space 8704K,   0% used [0x090d0000, 0x090d0000, 0x09950000)
 tenured generation   total 174784K, used 108393K [0x09950000, 0x14400000, 0x14400000)
   the space 174784K,  62% used [0x09950000, 0x1032a628, 0x1032a800, 0x14400000)
 Metaspace       used 17875K, capacity 18883K, committed 18944K, reserved 19840K
}
Event: 25.278 GC heap before
{Heap before GC invocations=118 (full 8):
 def new generation   total 78656K, used 69952K [0x04400000, 0x09950000, 0x09950000)
  eden space 69952K, 100% used [0x04400000, 0x08850000, 0x08850000)
  from space 8704K,   0% used [0x08850000, 0x08850000, 0x090d0000)
  to   space 8704K,   0% used [0x090d0000, 0x090d0000, 0x09950000)
 tenured generation   total 174784K, used 108393K [0x09950000, 0x14400000, 0x14400000)
   the space 174784K,  62% used [0x09950000, 0x1032a628, 0x1032a800, 0x14400000)
 Metaspace       used 17875K, capacity 18883K, committed 18944K, reserved 19840K
Event: 25.295 GC heap after
Heap after GC invocations=119 (full 8):
 def new generation   total 78656K, used 8703K [0x04400000, 0x09950000, 0x09950000)
  eden space 69952K,   0% used [0x04400000, 0x04400000, 0x08850000)
  from space 8704K,  99% used [0x090d0000, 0x0994fff8, 0x09950000)
  to   space 8704K,   0% used [0x08850000, 0x08850000, 0x090d0000)
 tenured generation   total 174784K, used 111912K [0x09950000, 0x14400000, 0x14400000)
   the space 174784K,  64% used [0x09950000, 0x1069a268, 0x1069a400, 0x14400000)
 Metaspace       used 17875K, capacity 18883K, committed 18944K, reserved 19840K
}
Event: 25.657 GC heap before
{Heap before GC invocations=119 (full 8):
 def new generation   total 78656K, used 78655K [0x04400000, 0x09950000, 0x09950000)
  eden space 69952K, 100% used [0x04400000, 0x08850000, 0x08850000)
  from space 8704K,  99% used [0x090d0000, 0x0994fff8, 0x09950000)
  to   space 8704K,   0% used [0x08850000, 0x08850000, 0x090d0000)
 tenured generation   total 174784K, used 111912K [0x09950000, 0x14400000, 0x14400000)
   the space 174784K,  64% used [0x09950000, 0x1069a268, 0x1069a400, 0x14400000)
 Metaspace       used 18000K, capacity 19011K, committed 19072K, reserved 19840K
Event: 25.676 GC heap after
Heap after GC invocations=120 (full 8):
 def new generation   total 78656K, used 8704K [0x04400000, 0x09950000, 0x09950000)
  eden space 69952K,   0% used [0x04400000, 0x04400000, 0x08850000)
  from space 8704K, 100% used [0x08850000, 0x090d0000, 0x090d0000)
  to   space 8704K,   0% used [0x090d0000, 0x090d0000, 0x09950000)
 tenured generation   total 174784K, used 123217K [0x09950000, 0x14400000, 0x14400000)
   the space 174784K,  70% used [0x09950000, 0x111a4788, 0x111a4800, 0x14400000)
 Metaspace       used 18000K, capacity 19011K, committed 19072K, reserved 19840K
}

